* using log directory ‘/Users/hf/Desktop/helix/helix.Rcheck’
* using R version 3.1.3 (2015-03-09)
* using platform: x86_64-apple-darwin13.4.0 (64-bit)
* using session charset: UTF-8
* checking for file ‘helix/DESCRIPTION’ ... OK
* checking extension type ... Package
* this is package ‘helix’ version ‘0.2’
* checking package namespace information ... OK
* checking package dependencies ... OK
* checking if this is a source package ... OK
* checking if there is a namespace ... OK
* checking for executable files ... OK
* checking for hidden files and directories ... NOTE
Found the following hidden files and directories:
  .DS_Store
  .Rhistory
  .Rproj.user
These were most likely included in error. See section ‘Package
structure’ in the ‘Writing R Extensions’ manual.
* checking for portable file names ... OK
* checking for sufficient/correct file permissions ... OK
* checking whether package ‘helix’ can be installed ... OK
* checking installed package size ... OK
* checking package directory ... OK
* checking DESCRIPTION meta-information ... WARNING
Unknown encoding with non-ASCII data
Fields with non-ASCII values:
  ‘Description’
See section 'The DESCRIPTION file' in the 'Writing R Extensions'
manual.

License components which are templates and need '+ file LICENSE':
  MIT
* checking top-level files ... OK
* checking for left-over files ... OK
* checking index information ... OK
* checking package subdirectories ... OK
* checking R files for non-ASCII characters ... OK
* checking R files for syntax errors ... OK
* checking whether the package can be loaded ... OK
* checking whether the package can be loaded with stated dependencies ... OK
* checking whether the package can be unloaded cleanly ... OK
* checking whether the namespace can be loaded with stated dependencies ... OK
* checking whether the namespace can be unloaded cleanly ... OK
* checking dependencies in R code ... OK
* checking S3 generic/method consistency ... OK
* checking replacement functions ... OK
* checking foreign function calls ... OK
* checking R code for possible problems ... NOTE
staninePlot: no visible binding for global variable ‘x’
staninePlot: warning in rgb(c_ramp(i/9), max = 255): partielle
  Übereinstimmung des Argumentes 'max' mit 'maxColorValue'
staninePlotDichotom: no visible binding for global variable ‘x’
* checking Rd files ... WARNING
prepare_Rd: helix-package.Rd:5: unexpected UNKNOWN '\packageDESCRIPTION'
prepare_Rd: helix-package.Rd:5: All text must be in a section
checkRd: (5) helix-package.Rd:0-8: Must have a \description
staninePlot.Rd: non-ASCII input and no declared encoding
staninePlotDichotom.Rd: non-ASCII input and no declared encoding
problems found in ‘staninePlot.Rd’, ‘staninePlotDichotom.Rd’
* checking Rd metadata ... OK
* checking Rd cross-references ... OK
* checking for missing documentation entries ... WARNING
Undocumented data sets:
  ‘INDER’
All user-level objects in a package should have documentation entries.
See chapter ‘Writing R documentation files’ in the ‘Writing R
Extensions’ manual.
* checking for code/documentation mismatches ... WARNING
Codoc mismatches from documentation object 'staninePlot':
staninePlot
  Code: function(CavoritPalette = TRUE)
  Docs: function()
  Argument names in code not in docs:
    CavoritPalette

* checking Rd \usage sections ... OK
* checking Rd contents ... OK
* checking for unstated dependencies in examples ... OK
* checking contents of ‘data’ directory ... OK
* checking data for non-ASCII characters ... OK
* checking data for ASCII and uncompressed saves ... WARNING
  Warning: package needs dependence on R (>= 2.10)
* checking examples ... NONE
* checking PDF version of manual ... WARNING
LaTeX errors when creating PDF version.
This typically indicates Rd problems.
* checking PDF version of manual without hyperrefs or index ... OK
* DONE
WARNING: There were 6 warnings.
NOTE: There were 2 notes.
